  Source.cpp
D:\Egyetem\3 ev\Grafika\Beadandok\Hazi2_Peldakod\Source.cpp(78,64): warning C4267: 'argument': conversion from 'size_t' to 'GLint', possible loss of data
D:\Egyetem\3 ev\Grafika\Beadandok\Hazi2_Peldakod\Source.cpp(106,68): warning C4267: 'argument': conversion from 'size_t' to 'GLint', possible loss of data
D:\Egyetem\3 ev\Grafika\Beadandok\Hazi2_Peldakod\Source.cpp(107,64): warning C4267: 'argument': conversion from 'size_t' to 'GLint', possible loss of data
D:\Egyetem\3 ev\Grafika\Beadandok\Hazi2_Peldakod\Source.cpp(108,55): warning C4267: 'argument': conversion from 'size_t' to 'GLsizei', possible loss of data
D:\Egyetem\3 ev\Grafika\Beadandok\Hazi2_Peldakod\Source.cpp(117,62): warning C4267: 'argument': conversion from 'size_t' to 'GLsizei', possible loss of data
D:\Egyetem\3 ev\Grafika\Beadandok\Hazi2_Peldakod\Source.cpp(122,54): warning C4267: 'argument': conversion from 'size_t' to 'GLsizei', possible loss of data
D:\Egyetem\3 ev\Grafika\Beadandok\Hazi2_Peldakod\Source.cpp(169,22): warning C4244: 'initializing': conversion from 'double' to 'float', possible loss of data
D:\Egyetem\3 ev\Grafika\Beadandok\Hazi2_Peldakod\Source.cpp(170,22): warning C4244: 'initializing': conversion from 'double' to 'float', possible loss of data
D:\Egyetem\3 ev\Grafika\Beadandok\Hazi2_Peldakod\Source.cpp(180,18): warning C4244: 'initializing': conversion from 'double' to 'float', possible loss of data
D:\Egyetem\3 ev\Grafika\Beadandok\Hazi2_Peldakod\Source.cpp(181,18): warning C4244: 'initializing': conversion from 'double' to 'float', possible loss of data
D:\Egyetem\3 ev\Grafika\Beadandok\Hazi2_Peldakod\Source.cpp(204,72): warning C4267: 'argument': conversion from 'size_t' to 'GLint', possible loss of data
D:\Egyetem\3 ev\Grafika\Beadandok\Hazi2_Peldakod\Source.cpp(230,72): warning C4267: 'argument': conversion from 'size_t' to 'GLint', possible loss of data
LINK : warning LNK4098: defaultlib 'MSVCRTD' conflicts with use of other libs; use /NODEFAULTLIB:library
  Generating code
  34 of 338 functions (10.1%) were compiled, the rest were copied from previous compilation.
    2 functions were new in current compilation
    40 functions had inline decision re-evaluated but remain unchanged
  Finished generating code
glfw3.lib(context.obj) : warning LNK4099: PDB '' was not found with 'glfw3.lib(context.obj)' or at ''; linking object as if no debug info
glfw3.lib(window.obj) : warning LNK4099: PDB '' was not found with 'glfw3.lib(window.obj)' or at ''; linking object as if no debug info
glfw3.lib(input.obj) : warning LNK4099: PDB '' was not found with 'glfw3.lib(input.obj)' or at ''; linking object as if no debug info
glfw3.lib(monitor.obj) : warning LNK4099: PDB '' was not found with 'glfw3.lib(monitor.obj)' or at ''; linking object as if no debug info
glfw3.lib(init.obj) : warning LNK4099: PDB '' was not found with 'glfw3.lib(init.obj)' or at ''; linking object as if no debug info
glfw3.lib(win32_thread.obj) : warning LNK4099: PDB '' was not found with 'glfw3.lib(win32_thread.obj)' or at ''; linking object as if no debug info
glfw3.lib(win32_window.obj) : warning LNK4099: PDB '' was not found with 'glfw3.lib(win32_window.obj)' or at ''; linking object as if no debug info
glfw3.lib(win32_joystick.obj) : warning LNK4099: PDB '' was not found with 'glfw3.lib(win32_joystick.obj)' or at ''; linking object as if no debug info
glfw3.lib(win32_time.obj) : warning LNK4099: PDB '' was not found with 'glfw3.lib(win32_time.obj)' or at ''; linking object as if no debug info
glfw3.lib(win32_monitor.obj) : warning LNK4099: PDB '' was not found with 'glfw3.lib(win32_monitor.obj)' or at ''; linking object as if no debug info
glfw3.lib(win32_init.obj) : warning LNK4099: PDB '' was not found with 'glfw3.lib(win32_init.obj)' or at ''; linking object as if no debug info
glfw3.lib(vulkan.obj) : warning LNK4099: PDB '' was not found with 'glfw3.lib(vulkan.obj)' or at ''; linking object as if no debug info
glfw3.lib(wgl_context.obj) : warning LNK4099: PDB '' was not found with 'glfw3.lib(wgl_context.obj)' or at ''; linking object as if no debug info
glfw3.lib(egl_context.obj) : warning LNK4099: PDB '' was not found with 'glfw3.lib(egl_context.obj)' or at ''; linking object as if no debug info
glfw3.lib(osmesa_context.obj) : warning LNK4099: PDB '' was not found with 'glfw3.lib(osmesa_context.obj)' or at ''; linking object as if no debug info
  Hazi2_Peldakod.vcxproj -> D:\Egyetem\3 ev\Grafika\Beadandok\x64\Release\Hazi2_Peldakod.exe
